<?xml version="1.0" encoding="UTF-8"?>
<!-- Generated by org.testng.reporters.JUnitReportReporter -->
<testsuite hostname="LAPTOP-1DDEPN52" failures="0" tests="3" name="Day21.SeleniumscriptTest" time="3.034" errors="0" timestamp="2024-09-26T23:40:34 SGT" skipped="0">
  <testcase classname="Day21.SeleniumscriptTest" name="launchweb" time="2.950"/>
  <testcase classname="Day21.SeleniumscriptTest" name="print" time="0.001"/>
  <testcase classname="Day21.SeleniumscriptTest" name="close" time="0.083"/>
</testsuite> <!-- Day21.SeleniumscriptTest -->
