<?xml version="1.0" encoding="UTF-8"?>
<!-- Generated by org.testng.reporters.JUnitReportReporter -->
<testsuite hostname="LAPTOP-1DDEPN52" failures="0" tests="1" name="Test.Login" time="2.591" errors="0" timestamp="2024-11-04T12:26:58 SGT" skipped="0">
  <testcase classname="Test.Login" name="openapp" time="2.591"/>
</testsuite> <!-- Test.Login -->
