<?xml version="1.0" encoding="UTF-8"?>
<!-- Generated by org.testng.reporters.JUnitReportReporter -->
<testsuite hostname="LAPTOP-1DDEPN52" failures="0" tests="2" name="Day21.SeleniumtryTestTest" time="0.009" errors="0" timestamp="2024-11-04T11:52:48 SGT" skipped="0">
  <testcase classname="Day21.SeleniumtryTestTest" name="Seleniumtry" time="0.008"/>
  <testcase classname="Day21.SeleniumtryTestTest" name="Seleniumtr3" time="0.001"/>
</testsuite> <!-- Day21.SeleniumtryTestTest -->
